TN:
SF:C:\Users\KALYESUBULA NOAH\Desktop\QuickCredit\server.js
FN:17,(anonymous_0)
FNF:1
FNH:1
FNDA:1,(anonymous_0)
DA:1,1
DA:2,1
DA:5,1
DA:8,1
DA:11,1
DA:14,1
DA:17,1
DA:18,1
DA:21,1
LF:9
LH:9
BRDA:11,0,0,1
BRDA:11,0,1,1
BRF:2
BRH:2
end_of_record
TN:
SF:C:\Users\KALYESUBULA NOAH\Desktop\QuickCredit\api\config.js
FNF:0
FNH:0
DA:1,1
LF:1
LH:1
BRF:0
BRH:0
end_of_record
TN:
SF:C:\Users\KALYESUBULA NOAH\Desktop\QuickCredit\api\controllers\loan_controller.js
FN:13,(anonymous_0)
FN:17,(anonymous_1)
FN:20,(anonymous_2)
FN:54,(anonymous_3)
FN:58,(anonymous_4)
FN:61,(anonymous_5)
FN:64,(anonymous_6)
FN:74,(anonymous_7)
FN:78,(anonymous_8)
FN:80,(anonymous_9)
FN:110,(anonymous_10)
FN:114,(anonymous_11)
FN:117,(anonymous_12)
FN:120,(anonymous_13)
FN:136,(anonymous_14)
FN:140,(anonymous_15)
FN:143,(anonymous_16)
FN:144,(anonymous_17)
FN:177,(anonymous_18)
FN:181,(anonymous_19)
FNF:20
FNH:0
FNDA:0,(anonymous_0)
FNDA:0,(anonymous_1)
FNDA:0,(anonymous_2)
FNDA:0,(anonymous_3)
FNDA:0,(anonymous_4)
FNDA:0,(anonymous_5)
FNDA:0,(anonymous_6)
FNDA:0,(anonymous_7)
FNDA:0,(anonymous_8)
FNDA:0,(anonymous_9)
FNDA:0,(anonymous_10)
FNDA:0,(anonymous_11)
FNDA:0,(anonymous_12)
FNDA:0,(anonymous_13)
FNDA:0,(anonymous_14)
FNDA:0,(anonymous_15)
FNDA:0,(anonymous_16)
FNDA:0,(anonymous_17)
FNDA:0,(anonymous_18)
FNDA:0,(anonymous_19)
DA:1,1
DA:2,1
DA:3,1
DA:4,1
DA:5,1
DA:7,1
DA:8,1
DA:9,1
DA:14,0
DA:15,0
DA:17,0
DA:18,0
DA:20,0
DA:21,0
DA:22,0
DA:24,0
DA:27,0
DA:28,0
DA:30,0
DA:31,0
DA:32,0
DA:33,0
DA:55,0
DA:56,0
DA:58,0
DA:59,0
DA:61,0
DA:62,0
DA:63,0
DA:64,0
DA:65,0
DA:66,0
DA:75,0
DA:76,0
DA:78,0
DA:79,0
DA:80,0
DA:81,0
DA:82,0
DA:85,0
DA:86,0
DA:87,0
DA:88,0
DA:89,0
DA:90,0
DA:91,0
DA:94,0
DA:95,0
DA:96,0
DA:102,0
DA:111,0
DA:112,0
DA:114,0
DA:115,0
DA:117,0
DA:118,0
DA:119,0
DA:120,0
DA:121,0
DA:122,0
DA:123,0
DA:126,0
DA:128,0
DA:137,0
DA:138,0
DA:140,0
DA:141,0
DA:143,0
DA:144,0
DA:145,0
DA:146,0
DA:147,0
DA:149,0
DA:150,0
DA:151,0
DA:152,0
DA:153,0
DA:155,0
DA:178,0
DA:179,0
DA:181,0
DA:182,0
DA:184,0
DA:185,0
DA:186,0
DA:187,0
DA:191,0
DA:204,1
LF:88
LH:9
BRDA:15,0,0,0
BRDA:15,0,1,0
BRDA:18,1,0,0
BRDA:18,1,1,0
BRDA:21,2,0,0
BRDA:21,2,1,0
BRDA:22,3,0,0
BRDA:22,3,1,0
BRDA:22,4,0,0
BRDA:22,4,1,0
BRDA:27,5,0,0
BRDA:27,5,1,0
BRDA:27,6,0,0
BRDA:27,6,1,0
BRDA:56,7,0,0
BRDA:56,7,1,0
BRDA:59,8,0,0
BRDA:59,8,1,0
BRDA:62,9,0,0
BRDA:62,9,1,0
BRDA:63,10,0,0
BRDA:63,10,1,0
BRDA:65,11,0,0
BRDA:65,11,1,0
BRDA:76,12,0,0
BRDA:76,12,1,0
BRDA:79,13,0,0
BRDA:79,13,1,0
BRDA:81,14,0,0
BRDA:81,14,1,0
BRDA:82,15,0,0
BRDA:82,15,1,0
BRDA:85,16,0,0
BRDA:85,16,1,0
BRDA:85,17,0,0
BRDA:85,17,1,0
BRDA:90,18,0,0
BRDA:90,18,1,0
BRDA:90,19,0,0
BRDA:90,19,1,0
BRDA:94,20,0,0
BRDA:94,20,1,0
BRDA:95,21,0,0
BRDA:95,21,1,0
BRDA:112,22,0,0
BRDA:112,22,1,0
BRDA:115,23,0,0
BRDA:115,23,1,0
BRDA:118,24,0,0
BRDA:118,24,1,0
BRDA:119,25,0,0
BRDA:119,25,1,0
BRDA:121,26,0,0
BRDA:121,26,1,0
BRDA:122,27,0,0
BRDA:122,27,1,0
BRDA:123,28,0,0
BRDA:123,28,1,0
BRDA:123,29,0,0
BRDA:123,29,1,0
BRDA:138,30,0,0
BRDA:138,30,1,0
BRDA:141,31,0,0
BRDA:141,31,1,0
BRDA:145,32,0,0
BRDA:145,32,1,0
BRDA:145,33,0,0
BRDA:145,33,1,0
BRDA:146,34,0,0
BRDA:146,34,1,0
BRDA:146,35,0,0
BRDA:146,35,1,0
BRDA:146,35,2,0
BRDA:147,36,0,0
BRDA:147,36,1,0
BRDA:153,37,0,0
BRDA:153,37,1,0
BRDA:179,38,0,0
BRDA:179,38,1,0
BRDA:182,39,0,0
BRDA:182,39,1,0
BRDA:186,40,0,0
BRDA:186,40,1,0
BRF:83
BRH:0
end_of_record
TN:
SF:C:\Users\KALYESUBULA NOAH\Desktop\QuickCredit\api\controllers\user_controller.js
FN:10,(anonymous_0)
FN:48,(anonymous_1)
FN:54,(anonymous_2)
FN:81,(anonymous_3)
FN:85,(anonymous_4)
FN:88,(anonymous_5)
FNF:6
FNH:1
FNDA:1,(anonymous_0)
FNDA:0,(anonymous_1)
FNDA:0,(anonymous_2)
FNDA:0,(anonymous_3)
FNDA:0,(anonymous_4)
FNDA:0,(anonymous_5)
DA:1,1
DA:2,1
DA:3,1
DA:4,1
DA:5,1
DA:6,1
DA:11,1
DA:14,1
DA:16,0
DA:18,1
DA:19,1
DA:20,0
DA:22,1
DA:24,1
DA:27,1
DA:30,1
DA:31,1
DA:32,1
DA:49,0
DA:51,0
DA:54,0
DA:55,0
DA:58,0
DA:59,0
DA:61,0
DA:64,0
DA:82,0
DA:83,0
DA:85,0
DA:86,0
DA:88,0
DA:89,0
DA:91,0
DA:93,0
DA:96,0
DA:98,0
DA:101,0
DA:109,1
DA:110,1
LF:39
LH:18
BRDA:14,0,0,0
BRDA:14,0,1,1
BRDA:14,1,0,1
BRDA:14,1,1,1
BRDA:14,1,2,1
BRDA:14,1,3,1
BRDA:14,1,4,1
BRDA:19,2,0,0
BRDA:19,2,1,1
BRDA:49,3,0,0
BRDA:49,3,1,0
BRDA:49,4,0,0
BRDA:49,4,1,0
BRDA:55,5,0,0
BRDA:55,5,1,0
BRDA:59,6,0,0
BRDA:59,6,1,0
BRDA:83,7,0,0
BRDA:83,7,1,0
BRDA:86,8,0,0
BRDA:86,8,1,0
BRDA:89,9,0,0
BRDA:89,9,1,0
BRDA:91,10,0,0
BRDA:91,10,1,0
BRDA:96,11,0,0
BRDA:96,11,1,0
BRF:27
BRH:7
end_of_record
TN:
SF:C:\Users\KALYESUBULA NOAH\Desktop\QuickCredit\api\models\loan_model.js
FN:2,(anonymous_0)
FNF:1
FNH:0
FNDA:0,(anonymous_0)
DA:3,0
DA:4,0
DA:5,0
DA:6,0
DA:7,0
DA:8,0
DA:9,0
DA:10,0
DA:11,0
DA:12,0
DA:16,1
LF:11
LH:1
BRF:0
BRH:0
end_of_record
TN:
SF:C:\Users\KALYESUBULA NOAH\Desktop\QuickCredit\api\models\repayment_model.js
FN:2,(anonymous_0)
FNF:1
FNH:0
FNDA:0,(anonymous_0)
DA:3,0
DA:4,0
DA:5,0
DA:6,0
DA:7,0
DA:11,1
LF:6
LH:1
BRF:0
BRH:0
end_of_record
TN:
SF:C:\Users\KALYESUBULA NOAH\Desktop\QuickCredit\api\models\user_model.js
FN:2,(anonymous_0)
FNF:1
FNH:1
FNDA:1,(anonymous_0)
DA:3,1
DA:4,1
DA:5,1
DA:6,1
DA:7,1
DA:8,1
DA:9,1
DA:10,1
DA:14,1
LF:9
LH:9
BRF:0
BRH:0
end_of_record
TN:
SF:C:\Users\KALYESUBULA NOAH\Desktop\QuickCredit\api\routes\api_routes.js
FNF:0
FNH:0
DA:1,1
DA:2,1
DA:3,1
DA:4,1
DA:7,1
DA:8,1
DA:9,1
DA:12,1
DA:13,1
DA:14,1
DA:15,1
DA:16,1
DA:17,1
DA:18,1
DA:19,1
DA:22,1
LF:16
LH:16
BRF:0
BRH:0
end_of_record
TN:
SF:C:\Users\KALYESUBULA NOAH\Desktop\QuickCredit\tests\usersTest.js
FN:7,(anonymous_0)
FN:8,(anonymous_1)
FN:17,(anonymous_2)
FNF:3
FNH:3
FNDA:1,(anonymous_0)
FNDA:1,(anonymous_1)
FNDA:1,(anonymous_2)
DA:1,1
DA:2,1
DA:3,1
DA:5,1
DA:7,1
DA:8,1
DA:9,1
DA:18,1
LF:8
LH:8
BRF:0
BRH:0
end_of_record
